Arguments: 
  /Users/avinash/.nvm/versions/node/v10.15.3/bin/node /Users/avinash/.nvm/versions/node/v10.15.3/bin/yarn init

PATH: 
  /Users/avinash/.yarn/bin:/Users/avinash/.config/yarn/global/node_modules/.bin:/Library/Frameworks/Python.framework/Versions/3.8/bin:/usr/local/bin:/usr/bin:/bin:/usr/sbin:/sbin:/usr/local/MacGPG2/bin:/opt/X11/bin:/Library/Frameworks/Mono.framework/Versions/Current/Commands:/Users/avinash/.yarn/bin:/Users/avinash/.config/yarn/global/node_modules/.bin:/Users/avinash/.nvm/versions/node/v10.15.3/bin:/Library/Frameworks/Python.framework/Versions/3.8/bin:/Users/avinash/Library/Android/sdk/tools:/Users/avinash/Library/Android/sdk/tools/bin:/Users/avinash/Library/Android/sdk/platform-tools:/Users/avinash/flutter/bin:/Users/avinash/Library/Android/sdk/tools:/Users/avinash/Library/Android/sdk/tools/bin:/Users/avinash/Library/Android/sdk/platform-tools:/Users/avinash/flutter/bin

Yarn version: 
  1.15.2

Node version: 
  10.15.3

Platform: 
  darwin x64

Trace: 
  Error: canceled
      at Interface.<anonymous> (/Users/avinash/.nvm/versions/node/v10.15.3/lib/node_modules/yarn/lib/cli.js:125801:13)
      at Interface.emit (events.js:189:13)
      at Interface._ttyWrite (readline.js:783:16)
      at ReadStream.onkeypress (readline.js:168:10)
      at ReadStream.emit (events.js:189:13)
      at emitKeys (internal/readline.js:424:14)
      at emitKeys.next (<anonymous>)
      at ReadStream.onData (readline.js:1022:36)
      at ReadStream.emit (events.js:189:13)
      at addChunk (_stream_readable.js:284:12)

npm manifest: 
  No manifest

yarn manifest: 
  No manifest

Lockfile: 
  No lockfile
